<?xml version="1.0" encoding="UTF-8"?>
<testng-results skipped="0" failed="0" total="3" passed="3">
  <reporter-output>
    <line>
      <![CDATA[Config file is loaded]]>
    </line>
    <line>
      <![CDATA[Object file is loaded]]>
    </line>
    <line>
      <![CDATA[Chrome browser has been launched]]>
    </line>
    <line>
      <![CDATA[Navigated to : http://game.tv]]>
    </line>
    <line>
      <![CDATA[User scroll the application to the available games section]]>
    </line>
    <line>
      <![CDATA[Number of games in Game TV are: 100]]>
    </line>
    <line>
      <![CDATA[|#  |Game Name                                                               |Page URL                                                                                                                                               |Page status |Tournament Count|]]>
    </line>
    <line>
      <![CDATA[|1  |Garena Free Fire Tournaments                                            |https://www.game.tv/find-tournaments/garena-free-fire-spooky-night-tournaments                                                                         |200         |15,191          |]]>
    </line>
    <line>
      <![CDATA[|2  |Brawl Stars Tournaments                                                 |https://www.game.tv/find-tournaments/brawl-stars-tournaments                                                                                           |200         |12,653          |]]>
    </line>
    <line>
      <![CDATA[|3  |Clash Royale Tournaments                                                |https://www.game.tv/find-tournaments/clash-royale-tournaments                                                                                          |200         |5,012           |]]>
    </line>
    <line>
      <![CDATA[|4  |PUBG MOBILE Tournaments                                                 |https://www.game.tv/find-tournaments/pubg-mobile-tournaments                                                                                           |200         |4,463           |]]>
    </line>
    <line>
      <![CDATA[|5  |Call of Duty Tournaments                                                |https://www.game.tv/find-tournaments/call-of-duty-tournaments                                                                                          |200         |3,164           |]]>
    </line>
    <line>
      <![CDATA[|6  |Clash of Clans Tournaments                                              |https://www.game.tv/find-tournaments/clash-of-clans-tournaments                                                                                        |200         |2,865           |]]>
    </line>
    <line>
      <![CDATA[|7  |8 Ball Pool Tournaments                                                 |https://www.game.tv/find-tournaments/8-ball-pool-tournaments                                                                                           |200         |2,173           |]]>
    </line>
    <line>
      <![CDATA[|8  |Mobile Legends: Bang Bang Tournaments                                   |https://www.game.tv/find-tournaments/mobile-legends-bang-bang-tournaments                                                                              |200         |1,576           |]]>
    </line>
    <line>
      <![CDATA[|9  |Arena of Valor Tournaments                                              |https://www.game.tv/find-tournaments/arena-of-valor-tournaments                                                                                        |200         |1,587           |]]>
    </line>
    <line>
      <![CDATA[|10 |Auto Chess Tournaments                                                  |https://www.game.tv/find-tournaments/auto-chess-tournaments                                                                                            |200         |1,392           |]]>
    </line>
    <line>
      <![CDATA[|11 |Head Ball 2 Tournaments                                                 |https://www.game.tv/find-tournaments/head-ball-2-tournaments                                                                                           |200         |1,097           |]]>
    </line>
    <line>
      <![CDATA[|12 |Rumble Stars Football Tournaments                                       |https://www.game.tv/find-tournaments/rumble-stars-football-tournaments                                                                                 |200         |1,152           |]]>
    </line>
    <line>
      <![CDATA[|13 |Yu-Gi-Oh! Duel Links Tournaments                                        |https://www.game.tv/find-tournaments/yu-gi-oh-duel-links-tournaments                                                                                   |200         |809             |]]>
    </line>
    <line>
      <![CDATA[|14 |Ludo King Tournaments                                                   |https://www.game.tv/find-tournaments/ludo-king-tournaments                                                                                             |200         |1,143           |]]>
    </line>
    <line>
      <![CDATA[|15 |Hearthstone Tournaments                                                 |https://www.game.tv/find-tournaments/hearthstone-tournaments                                                                                           |200         |562             |]]>
    </line>
    <line>
      <![CDATA[|16 |World Cricket Championship 2 - WCC2 Tournaments                         |https://www.game.tv/find-tournaments/world-cricket-championship-2-wcc2-tournaments                                                                     |200         |571             |]]>
    </line>
    <line>
      <![CDATA[|17 |Dota Underlords Tournaments                                             |https://www.game.tv/find-tournaments/dota-underlords-tournaments                                                                                       |200         |446             |]]>
    </line>
    <line>
      <![CDATA[|18 |Chess Rush Tournaments                                                  |https://www.game.tv/find-tournaments/chess-rush-tournaments                                                                                            |200         |421             |]]>
    </line>
    <line>
      <![CDATA[|19 |Fortnite Tournaments                                                    |https://www.game.tv/find-tournaments/fortnite-tournaments                                                                                              |200         |447             |]]>
    </line>
    <line>
      <![CDATA[|20 |FIFA Soccer Tournaments                                                 |https://www.game.tv/find-tournaments/fifa-soccer-tournaments                                                                                           |200         |395             |]]>
    </line>
    <line>
      <![CDATA[|21 |Animal Tower Battle Tournaments                                         |https://www.game.tv/find-tournaments/animal-tower-battle-tournaments                                                                                   |200         |351             |]]>
    </line>
    <line>
      <![CDATA[|22 |Royal Dice : Random Defense Tournaments                                 |https://www.game.tv/find-tournaments/royal-dice-random-defense-tournaments                                                                             |200         |405             |]]>
    </line>
    <line>
      <![CDATA[|23 |Bloons TD Battles Tournaments                                           |https://www.game.tv/find-tournaments/bloons-td-battles-tournaments                                                                                     |200         |330             |]]>
    </line>
    <line>
      <![CDATA[|24 |Badland Brawl Tournaments                                               |https://www.game.tv/find-tournaments/badland-brawl-tournaments                                                                                         |200         |271             |]]>
    </line>
    <line>
      <![CDATA[|25 |Captain Tsubasa: Dream Team Tournaments                                 |https://www.game.tv/find-tournaments/captain-tsubasa-dream-team-tournaments                                                                            |200         |268             |]]>
    </line>
    <line>
      <![CDATA[|26 |Smashing four Tournaments                                               |https://www.game.tv/find-tournaments/smashing-four-tournaments                                                                                         |200         |342             |]]>
    </line>
    <line>
      <![CDATA[|27 |DRAGON BALL LEGENDS Tournaments                                         |https://www.game.tv/find-tournaments/dragon-ball-legends-tournaments                                                                                   |200         |220             |]]>
    </line>
    <line>
      <![CDATA[|28 |Cyber Hunter Tournaments                                                |https://www.game.tv/find-tournaments/cyber-hunter-tournaments                                                                                          |200         |214             |]]>
    </line>
    <line>
      <![CDATA[|29 |Saint Seiya Awakening: Knights of the Zodiac Tournaments                |https://www.game.tv/find-tournaments/saint-seiya-awakening-knights-of-the-zodiac-tournaments                                                           |200         |186             |]]>
    </line>
    <line>
      <![CDATA[|30 |Shadowverse CCG Tournaments                                             |https://www.game.tv/find-tournaments/shadowverse-ccg-tournaments                                                                                       |200         |150             |]]>
    </line>
    <line>
      <![CDATA[|31 |The King of Fighters ALLSTAR Tournaments                                |https://www.game.tv/find-tournaments/the-king-of-fighters-allstar-tournaments                                                                          |200         |156             |]]>
    </line>
    <line>
      <![CDATA[|32 |Skidstorm Tournaments                                                   |https://www.game.tv/find-tournaments/skidstorm-tournaments                                                                                             |200         |181             |]]>
    </line>
    <line>
      <![CDATA[|33 |Rocket League Tournaments                                               |https://www.game.tv/find-tournaments/rocket-league-tournaments                                                                                         |200         |176             |]]>
    </line>
    <line>
      <![CDATA[|34 |Soccer Stars Tournaments                                                |https://www.game.tv/find-tournaments/soccer-stars-tournaments                                                                                          |200         |190             |]]>
    </line>
    <line>
      <![CDATA[|35 |War Robots Multiplayer Battles Tournaments                              |https://www.game.tv/find-tournaments/war-robots-multiplayer-battles-tournaments                                                                        |200         |107             |]]>
    </line>
    <line>
      <![CDATA[|36 |PUBG Tournaments                                                        |https://www.game.tv/find-tournaments/pubg-tournaments                                                                                                  |200         |173             |]]>
    </line>
    <line>
      <![CDATA[|37 |Arena of Evolution: Red Tides Tournaments                               |https://www.game.tv/find-tournaments/arena-of-evolution-red-tides-tournaments                                                                          |200         |101             |]]>
    </line>
    <line>
      <![CDATA[|38 |Counter Strike: Global Offensive Tournaments                            |https://www.game.tv/find-tournaments/counter-strike-global-offensive-tournaments                                                                       |200         |105             |]]>
    </line>
    <line>
      <![CDATA[|39 |BnB M Tournaments                                                       |https://www.game.tv/find-tournaments/bnb-m-tournaments                                                                                                 |200         |90              |]]>
    </line>
    <line>
      <![CDATA[|40 |Castle Burn - RTS Revolution Tournaments                                |https://www.game.tv/find-tournaments/castle-burn-rts-revolution-tournaments                                                                            |200         |81              |]]>
    </line>
    <line>
      <![CDATA[|41 |Chess · Play & Learn Tournaments                                        |https://www.game.tv/find-tournaments/chess-play-learn-tournaments                                                                                      |200         |                |]]>
    </line>
    <line>
      <![CDATA[|42 |Fortnite PC Tournaments                                                 |https://www.game.tv/find-tournaments/fortnite-pc-tournaments                                                                                           |200         |142             |]]>
    </line>
    <line>
      <![CDATA[|43 |Counter Attack - Multiplayer FPS Tournaments                            |https://www.game.tv/find-tournaments/counter-attack-multiplayer-fps-tournaments                                                                        |200         |71              |]]>
    </line>
    <line>
      <![CDATA[|44 |League of Legends: LoL Tournaments                                      |https://www.game.tv/find-tournaments/league-of-legends-lol-tournaments                                                                                 |200         |114             |]]>
    </line>
    <line>
      <![CDATA[|45 |Asphalt 9: Legends - 2019's Action Car Racing Game Tournaments          |https://www.game.tv/find-tournaments/asphalt-9-legends-2019-s-action-car-racing-game-tournaments                                                       |200         |64              |]]>
    </line>
    <line>
      <![CDATA[|46 |ゼノンザード ZENONZARD Tournaments                                            |https://www.game.tv/find-tournaments/zenonzado-zenonzard-tournaments                                                                                   |200         |59              |]]>
    </line>
    <line>
      <![CDATA[|47 |Summoners War Tournaments                                               |https://www.game.tv/find-tournaments/summoners-war-tournaments                                                                                         |200         |56              |]]>
    </line>
    <line>
      <![CDATA[|48 |決戰！平安京 (Onmyoji Arena) Tournaments                                      |https://www.game.tv/find-tournaments/jue-zhan-ping-an-jing-onmyoji-arena-tournaments                                                                   |200         |46              |]]>
    </line>
    <line>
      <![CDATA[|49 |Lords Mobile: Battle of the Empires - Strategy RPG Tournaments          |https://www.game.tv/find-tournaments/lords-mobile-battle-of-the-empires-strategy-rpg-tournaments                                                       |200         |44              |]]>
    </line>
    <line>
      <![CDATA[|50 |Battle of Arrows Tournaments                                            |https://www.game.tv/find-tournaments/-battle-of-arrows-tournaments                                                                                     |200         |44              |]]>
    </line>
    <line>
      <![CDATA[|51 |달빛조각사 (Moonlight Tournaments                                            |https://www.game.tv/find-tournaments/dalbicjogagsa-moonlight-tournaments                                                                               |200         |43              |]]>
    </line>
    <line>
      <![CDATA[|52 |Pixel Gun 3D: FPS Shooter & Battle Royale Tournaments                   |https://www.game.tv/find-tournaments/pixel-gun-3d-fps-shooter-battle-royale-tournaments                                                                |200         |39              |]]>
    </line>
    <line>
      <![CDATA[|53 |Onmyoji Chess Tournaments                                               |https://www.game.tv/find-tournaments/onmyoji-chess-tournaments                                                                                         |200         |36              |]]>
    </line>
    <line>
      <![CDATA[|54 |Dr. Mario World Tournaments                                             |https://www.game.tv/find-tournaments/dr-mario-world-tournaments                                                                                        |200         |27              |]]>
    </line>
    <line>
      <![CDATA[|55 |Dragalia Lost Tournaments                                               |https://www.game.tv/find-tournaments/dragalia-lost-tournaments                                                                                         |200         |30              |]]>
    </line>
    <line>
      <![CDATA[|56 |Tom Clancy's Rainbow Six Siege Tournaments                              |https://www.game.tv/find-tournaments/-tom-clancy's-rainbow-six-siege-tournaments                                                                       |200         |43              |]]>
    </line>
    <line>
      <![CDATA[|57 |Overwatch Tournaments                                                   |https://www.game.tv/find-tournaments/overwatch-tournaments                                                                                             |200         |26              |]]>
    </line>
    <line>
      <![CDATA[|58 |Roblox Tournaments                                                      |https://www.game.tv/find-tournaments/-roblox-tournaments                                                                                               |200         |47              |]]>
    </line>
    <line>
      <![CDATA[|59 |Minecraft Tournaments                                                   |https://www.game.tv/find-tournaments/-minecraft-tournaments                                                                                            |200         |43              |]]>
    </line>
    <line>
      <![CDATA[|60 |에오스 레드 (Eos Red) Tournaments                                            |https://www.game.tv/find-tournaments/eoseu-redeu-eos-red-tournaments                                                                                   |200         |22              |]]>
    </line>
    <line>
      <![CDATA[|61 |Mini Militia Tournaments                                                |https://www.game.tv/find-tournaments/mini-militia-tournaments                                                                                          |200         |73              |]]>
    </line>
    <line>
      <![CDATA[|62 |Super Smash Bros. Ultimate Tournaments                                  |https://www.game.tv/find-tournaments/-super-smash-bros.-ultimate-tournaments                                                                           |200         |22              |]]>
    </line>
    <line>
      <![CDATA[|63 |TEPPEN Tournaments                                                      |https://www.game.tv/find-tournaments/teppen-tournaments                                                                                                |200         |19              |]]>
    </line>
    <line>
      <![CDATA[|64 |Paladins Tournaments                                                    |https://www.game.tv/find-tournaments/-paladins-tournaments                                                                                             |200         |28              |]]>
    </line>
    <line>
      <![CDATA[|65 |Pokémon sword and shield Tournaments                                    |https://www.game.tv/find-tournaments/-pok%C3%A9mon-sword-and-shield--tournaments                                                                       |200         |20              |]]>
    </line>
    <line>
      <![CDATA[|66 |Standoff 2 Tournaments                                                  |https://www.game.tv/find-tournaments/-standoff-2-tournaments                                                                                           |200         |23              |]]>
    </line>
    <line>
      <![CDATA[|67 |Critical Ops: Multiplayer FPS Tournaments                               |https://www.game.tv/find-tournaments/critical-ops-multiplayer-fps-tournaments                                                                          |200         |18              |]]>
    </line>
    <line>
      <![CDATA[|68 |Modern Warfare Tournaments                                              |https://www.game.tv/find-tournaments/-modern-warfare-tournaments                                                                                       |200         |17              |]]>
    </line>
    <line>
      <![CDATA[|69 |GTA 5 Tournaments                                                       |https://www.game.tv/find-tournaments/-gta-5--tournaments                                                                                               |200         |13              |]]>
    </line>
    <line>
      <![CDATA[|70 |Garena Speed Drifters Tournaments                                       |https://www.game.tv/find-tournaments/garena-speed-drifters-tournaments                                                                                 |200         |13              |]]>
    </line>
    <line>
      <![CDATA[|71 |轟啊坦克 (FortressGo) Tournaments                                           |https://www.game.tv/find-tournaments/hong-a-tan-ke-fortressgo-tournaments                                                                              |200         |12              |]]>
    </line>
    <line>
      <![CDATA[|72 |Destiny 2 Tournaments                                                   |https://www.game.tv/find-tournaments/-destiny-2-tournaments                                                                                            |200         |18              |]]>
    </line>
    <line>
      <![CDATA[|73 |Baram Tournaments                                                       |https://www.game.tv/find-tournaments/baram-tournaments                                                                                                 |200         |28              |]]>
    </line>
    <line>
      <![CDATA[|74 |Fleet Battle Tournaments                                                |https://www.game.tv/find-tournaments/-fleet-battle-tournaments                                                                                         |200         |15              |]]>
    </line>
    <line>
      <![CDATA[|75 |Brawlhalla Tournaments                                                  |https://www.game.tv/find-tournaments/-brawlhalla-tournaments                                                                                           |200         |16              |]]>
    </line>
    <line>
      <![CDATA[|76 |Tekken 7 Tournaments                                                    |https://www.game.tv/find-tournaments/-tekken-7-tournaments                                                                                             |200         |14              |]]>
    </line>
    <line>
      <![CDATA[|77 |Vainglory Tournaments                                                   |https://www.game.tv/find-tournaments/-vainglory-tournaments                                                                                            |200         |10              |]]>
    </line>
    <line>
      <![CDATA[|78 |Audition Mobile TH Tournaments                                          |https://www.game.tv/find-tournaments/audition-mobile-th-tournaments                                                                                    |200         |10              |]]>
    </line>
    <line>
      <![CDATA[|79 |LINE Let's Get Rich Tournaments                                         |https://www.game.tv/find-tournaments/line-let-s-get-rich-tournaments                                                                                   |200         |10              |]]>
    </line>
    <line>
      <![CDATA[|80 |Golf Blitz Tournaments                                                  |https://www.game.tv/find-tournaments/-golf-blitz-tournaments                                                                                           |200         |9               |]]>
    </line>
    <line>
      <![CDATA[|81 |Pokemon Showdown Tournaments                                            |https://www.game.tv/find-tournaments/-pokemon-showdown-tournaments                                                                                     |200         |10              |]]>
    </line>
    <line>
      <![CDATA[|82 |ドラゴンクエストライバルズ (Dragon Quest Rivals) Tournaments                         |https://www.game.tv/find-tournaments/doragonkuesutoraibaruzu-dragon-quest-rivals-tournaments                                                           |200         |8               |]]>
    </line>
    <line>
      <![CDATA[|83 |Dota 2 Tournaments                                                      |https://www.game.tv/find-tournaments/dota-2-tournaments                                                                                                |200         |11              |]]>
    </line>
    <line>
      <![CDATA[|84 |Frag Pro Shooter Tournaments                                            |https://www.game.tv/find-tournaments/-frag-pro-shooter-tournaments                                                                                     |200         |10              |]]>
    </line>
    <line>
      <![CDATA[|85 |Dead by Daylight Tournaments                                            |https://www.game.tv/find-tournaments/-dead-by-daylight-tournaments                                                                                     |200         |6               |]]>
    </line>
    <line>
      <![CDATA[|86 |Compass Tournaments                                                     |https://www.game.tv/find-tournaments/-%E3%82%B3%E3%83%B3%E3%83%91%E3%82%B9-%E6%88%A6%E9%97%98%E6%91%82%E7%90%86%E8%A7%A3%E6%9E%90%E3%82%B7%E3%82%B9%E3%83%86%E3%83%A0-tournaments |200         |                |]]>
    </line>
    <line>
      <![CDATA[|87 |Jurassic World Alive Tournaments                                        |https://www.game.tv/find-tournaments/jurassic-world-alive-tournaments                                                                                  |200         |5               |]]>
    </line>
    <line>
      <![CDATA[|88 |SMITE Tournaments                                                       |https://www.game.tv/find-tournaments/smite-tournaments                                                                                                 |200         |10              |]]>
    </line>
    <line>
      <![CDATA[|89 |Identity V Tournaments                                                  |https://www.game.tv/find-tournaments/identity-v-tournaments                                                                                            |200         |4               |]]>
    </line>
    <line>
      <![CDATA[|90 |BLACK DESERT MOBILE Tournaments                                         |https://www.game.tv/find-tournaments/-black-desert-mobile-tournaments                                                                                  |200         |6               |]]>
    </line>
    <line>
      <![CDATA[|91 |Real Cricket™ 19 Tournaments                                            |https://www.game.tv/find-tournaments/-real-cricket%E2%84%A2-19-tournaments                                                                             |200         |3               |]]>
    </line>
    <line>
      <![CDATA[|92 |World of Tanks Blitz MMO Tournaments                                    |https://www.game.tv/find-tournaments/-world-of-tanks-blitz-mmo-tournaments                                                                             |200         |3               |]]>
    </line>
    <line>
      <![CDATA[|93 |Survival Heroes - MOBA Battle Royale Tournaments                        |https://www.game.tv/find-tournaments/survival-heroes-moba-battle-royale-tournaments                                                                    |200         |3               |]]>
    </line>
    <line>
      <![CDATA[|94 |MORDHAU Tournaments                                                     |https://www.game.tv/find-tournaments/-mordhau-tournaments                                                                                              |200         |2               |]]>
    </line>
    <line>
      <![CDATA[|95 |Durango Tournaments                                                     |https://www.game.tv/find-tournaments/durango-tournaments                                                                                               |200         |2               |]]>
    </line>
    <line>
      <![CDATA[|96 |Extrordinary Ones: 5V5 MOBA Tournaments                                 |https://www.game.tv/find-tournaments/extrordinary-ones-5v5-moba-tournaments                                                                            |200         |2               |]]>
    </line>
    <line>
      <![CDATA[|97 |Among Us Tournaments                                                    |https://www.game.tv/find-tournaments/-among-us-tournaments                                                                                             |200         |2               |]]>
    </line>
    <line>
      <![CDATA[|98 |StarCraft 2 Tournaments                                                 |https://www.game.tv/find-tournaments/-starcraft-2-tournaments                                                                                          |200         |2               |]]>
    </line>
    <line>
      <![CDATA[|99 |Temtem Tournaments                                                      |https://www.game.tv/find-tournaments/-temtem-tournaments                                                                                               |200         |8               |]]>
    </line>
    <line>
      <![CDATA[|100|Darwin Project Tournaments                                              |https://www.game.tv/find-tournaments/-darwin-project-tournaments                                                                                       |200         |1               |]]>
    </line>
  </reporter-output>
  <suite name="Default suite" duration-ms="307942" started-at="2020-04-05T19:17:06Z" finished-at="2020-04-05T19:22:14Z">
    <groups>
    </groups>
    <test name="Default test" duration-ms="307942" started-at="2020-04-05T19:17:06Z" finished-at="2020-04-05T19:22:14Z">
      <class name="TestCases.GetDeatilsOFApps">
        <test-method status="PASS" signature="setUp()[pri:0, instance:TestCases.GetDeatilsOFApps@4b9e13df]" name="setUp" is-config="true" duration-ms="9826" started-at="2020-04-06T00:46:56Z" finished-at="2020-04-06T00:47:06Z">
          <reporter-output>
            <line>
              <![CDATA[Config file is loaded]]>
            </line>
            <line>
              <![CDATA[Object file is loaded]]>
            </line>
            <line>
              <![CDATA[Chrome browser has been launched]]>
            </line>
            <line>
              <![CDATA[Navigated to : http://game.tv]]>
            </line>
          </reporter-output>
        </test-method> <!-- setUp -->
        <test-method status="PASS" signature="TC001_ScrollApplicationToAvailableGames()[pri:0, instance:TestCases.GetDeatilsOFApps@4b9e13df]" name="TC001_ScrollApplicationToAvailableGames" duration-ms="585" started-at="2020-04-06T00:47:06Z" finished-at="2020-04-06T00:47:06Z">
          <reporter-output>
            <line>
              <![CDATA[User scroll the application to the available games section]]>
            </line>
          </reporter-output>
        </test-method> <!-- TC001_ScrollApplicationToAvailableGames -->
        <test-method status="PASS" signature="TC002_CountGamesInTheApplication()[pri:0, instance:TestCases.GetDeatilsOFApps@4b9e13df]" name="TC002_CountGamesInTheApplication" duration-ms="52" started-at="2020-04-06T00:47:06Z" finished-at="2020-04-06T00:47:06Z">
          <reporter-output>
            <line>
              <![CDATA[Number of games in Game TV are: 100]]>
            </line>
          </reporter-output>
        </test-method> <!-- TC002_CountGamesInTheApplication -->
        <test-method status="PASS" signature="TC003_LaunchGameAndPrintDetailsOfGame()[pri:0, instance:TestCases.GetDeatilsOFApps@4b9e13df]" name="TC003_LaunchGameAndPrintDetailsOfGame" duration-ms="307278" started-at="2020-04-06T00:47:06Z" finished-at="2020-04-06T00:52:14Z">
          <reporter-output>
            <line>
              <![CDATA[|#  |Game Name                                                               |Page URL                                                                                                                                               |Page status |Tournament Count|]]>
            </line>
            <line>
              <![CDATA[|1  |Garena Free Fire Tournaments                                            |https://www.game.tv/find-tournaments/garena-free-fire-spooky-night-tournaments                                                                         |200         |15,191          |]]>
            </line>
            <line>
              <![CDATA[|2  |Brawl Stars Tournaments                                                 |https://www.game.tv/find-tournaments/brawl-stars-tournaments                                                                                           |200         |12,653          |]]>
            </line>
            <line>
              <![CDATA[|3  |Clash Royale Tournaments                                                |https://www.game.tv/find-tournaments/clash-royale-tournaments                                                                                          |200         |5,012           |]]>
            </line>
            <line>
              <![CDATA[|4  |PUBG MOBILE Tournaments                                                 |https://www.game.tv/find-tournaments/pubg-mobile-tournaments                                                                                           |200         |4,463           |]]>
            </line>
            <line>
              <![CDATA[|5  |Call of Duty Tournaments                                                |https://www.game.tv/find-tournaments/call-of-duty-tournaments                                                                                          |200         |3,164           |]]>
            </line>
            <line>
              <![CDATA[|6  |Clash of Clans Tournaments                                              |https://www.game.tv/find-tournaments/clash-of-clans-tournaments                                                                                        |200         |2,865           |]]>
            </line>
            <line>
              <![CDATA[|7  |8 Ball Pool Tournaments                                                 |https://www.game.tv/find-tournaments/8-ball-pool-tournaments                                                                                           |200         |2,173           |]]>
            </line>
            <line>
              <![CDATA[|8  |Mobile Legends: Bang Bang Tournaments                                   |https://www.game.tv/find-tournaments/mobile-legends-bang-bang-tournaments                                                                              |200         |1,576           |]]>
            </line>
            <line>
              <![CDATA[|9  |Arena of Valor Tournaments                                              |https://www.game.tv/find-tournaments/arena-of-valor-tournaments                                                                                        |200         |1,587           |]]>
            </line>
            <line>
              <![CDATA[|10 |Auto Chess Tournaments                                                  |https://www.game.tv/find-tournaments/auto-chess-tournaments                                                                                            |200         |1,392           |]]>
            </line>
            <line>
              <![CDATA[|11 |Head Ball 2 Tournaments                                                 |https://www.game.tv/find-tournaments/head-ball-2-tournaments                                                                                           |200         |1,097           |]]>
            </line>
            <line>
              <![CDATA[|12 |Rumble Stars Football Tournaments                                       |https://www.game.tv/find-tournaments/rumble-stars-football-tournaments                                                                                 |200         |1,152           |]]>
            </line>
            <line>
              <![CDATA[|13 |Yu-Gi-Oh! Duel Links Tournaments                                        |https://www.game.tv/find-tournaments/yu-gi-oh-duel-links-tournaments                                                                                   |200         |809             |]]>
            </line>
            <line>
              <![CDATA[|14 |Ludo King Tournaments                                                   |https://www.game.tv/find-tournaments/ludo-king-tournaments                                                                                             |200         |1,143           |]]>
            </line>
            <line>
              <![CDATA[|15 |Hearthstone Tournaments                                                 |https://www.game.tv/find-tournaments/hearthstone-tournaments                                                                                           |200         |562             |]]>
            </line>
            <line>
              <![CDATA[|16 |World Cricket Championship 2 - WCC2 Tournaments                         |https://www.game.tv/find-tournaments/world-cricket-championship-2-wcc2-tournaments                                                                     |200         |571             |]]>
            </line>
            <line>
              <![CDATA[|17 |Dota Underlords Tournaments                                             |https://www.game.tv/find-tournaments/dota-underlords-tournaments                                                                                       |200         |446             |]]>
            </line>
            <line>
              <![CDATA[|18 |Chess Rush Tournaments                                                  |https://www.game.tv/find-tournaments/chess-rush-tournaments                                                                                            |200         |421             |]]>
            </line>
            <line>
              <![CDATA[|19 |Fortnite Tournaments                                                    |https://www.game.tv/find-tournaments/fortnite-tournaments                                                                                              |200         |447             |]]>
            </line>
            <line>
              <![CDATA[|20 |FIFA Soccer Tournaments                                                 |https://www.game.tv/find-tournaments/fifa-soccer-tournaments                                                                                           |200         |395             |]]>
            </line>
            <line>
              <![CDATA[|21 |Animal Tower Battle Tournaments                                         |https://www.game.tv/find-tournaments/animal-tower-battle-tournaments                                                                                   |200         |351             |]]>
            </line>
            <line>
              <![CDATA[|22 |Royal Dice : Random Defense Tournaments                                 |https://www.game.tv/find-tournaments/royal-dice-random-defense-tournaments                                                                             |200         |405             |]]>
            </line>
            <line>
              <![CDATA[|23 |Bloons TD Battles Tournaments                                           |https://www.game.tv/find-tournaments/bloons-td-battles-tournaments                                                                                     |200         |330             |]]>
            </line>
            <line>
              <![CDATA[|24 |Badland Brawl Tournaments                                               |https://www.game.tv/find-tournaments/badland-brawl-tournaments                                                                                         |200         |271             |]]>
            </line>
            <line>
              <![CDATA[|25 |Captain Tsubasa: Dream Team Tournaments                                 |https://www.game.tv/find-tournaments/captain-tsubasa-dream-team-tournaments                                                                            |200         |268             |]]>
            </line>
            <line>
              <![CDATA[|26 |Smashing four Tournaments                                               |https://www.game.tv/find-tournaments/smashing-four-tournaments                                                                                         |200         |342             |]]>
            </line>
            <line>
              <![CDATA[|27 |DRAGON BALL LEGENDS Tournaments                                         |https://www.game.tv/find-tournaments/dragon-ball-legends-tournaments                                                                                   |200         |220             |]]>
            </line>
            <line>
              <![CDATA[|28 |Cyber Hunter Tournaments                                                |https://www.game.tv/find-tournaments/cyber-hunter-tournaments                                                                                          |200         |214             |]]>
            </line>
            <line>
              <![CDATA[|29 |Saint Seiya Awakening: Knights of the Zodiac Tournaments                |https://www.game.tv/find-tournaments/saint-seiya-awakening-knights-of-the-zodiac-tournaments                                                           |200         |186             |]]>
            </line>
            <line>
              <![CDATA[|30 |Shadowverse CCG Tournaments                                             |https://www.game.tv/find-tournaments/shadowverse-ccg-tournaments                                                                                       |200         |150             |]]>
            </line>
            <line>
              <![CDATA[|31 |The King of Fighters ALLSTAR Tournaments                                |https://www.game.tv/find-tournaments/the-king-of-fighters-allstar-tournaments                                                                          |200         |156             |]]>
            </line>
            <line>
              <![CDATA[|32 |Skidstorm Tournaments                                                   |https://www.game.tv/find-tournaments/skidstorm-tournaments                                                                                             |200         |181             |]]>
            </line>
            <line>
              <![CDATA[|33 |Rocket League Tournaments                                               |https://www.game.tv/find-tournaments/rocket-league-tournaments                                                                                         |200         |176             |]]>
            </line>
            <line>
              <![CDATA[|34 |Soccer Stars Tournaments                                                |https://www.game.tv/find-tournaments/soccer-stars-tournaments                                                                                          |200         |190             |]]>
            </line>
            <line>
              <![CDATA[|35 |War Robots Multiplayer Battles Tournaments                              |https://www.game.tv/find-tournaments/war-robots-multiplayer-battles-tournaments                                                                        |200         |107             |]]>
            </line>
            <line>
              <![CDATA[|36 |PUBG Tournaments                                                        |https://www.game.tv/find-tournaments/pubg-tournaments                                                                                                  |200         |173             |]]>
            </line>
            <line>
              <![CDATA[|37 |Arena of Evolution: Red Tides Tournaments                               |https://www.game.tv/find-tournaments/arena-of-evolution-red-tides-tournaments                                                                          |200         |101             |]]>
            </line>
            <line>
              <![CDATA[|38 |Counter Strike: Global Offensive Tournaments                            |https://www.game.tv/find-tournaments/counter-strike-global-offensive-tournaments                                                                       |200         |105             |]]>
            </line>
            <line>
              <![CDATA[|39 |BnB M Tournaments                                                       |https://www.game.tv/find-tournaments/bnb-m-tournaments                                                                                                 |200         |90              |]]>
            </line>
            <line>
              <![CDATA[|40 |Castle Burn - RTS Revolution Tournaments                                |https://www.game.tv/find-tournaments/castle-burn-rts-revolution-tournaments                                                                            |200         |81              |]]>
            </line>
            <line>
              <![CDATA[|41 |Chess · Play & Learn Tournaments                                        |https://www.game.tv/find-tournaments/chess-play-learn-tournaments                                                                                      |200         |                |]]>
            </line>
            <line>
              <![CDATA[|42 |Fortnite PC Tournaments                                                 |https://www.game.tv/find-tournaments/fortnite-pc-tournaments                                                                                           |200         |142             |]]>
            </line>
            <line>
              <![CDATA[|43 |Counter Attack - Multiplayer FPS Tournaments                            |https://www.game.tv/find-tournaments/counter-attack-multiplayer-fps-tournaments                                                                        |200         |71              |]]>
            </line>
            <line>
              <![CDATA[|44 |League of Legends: LoL Tournaments                                      |https://www.game.tv/find-tournaments/league-of-legends-lol-tournaments                                                                                 |200         |114             |]]>
            </line>
            <line>
              <![CDATA[|45 |Asphalt 9: Legends - 2019's Action Car Racing Game Tournaments          |https://www.game.tv/find-tournaments/asphalt-9-legends-2019-s-action-car-racing-game-tournaments                                                       |200         |64              |]]>
            </line>
            <line>
              <![CDATA[|46 |ゼノンザード ZENONZARD Tournaments                                            |https://www.game.tv/find-tournaments/zenonzado-zenonzard-tournaments                                                                                   |200         |59              |]]>
            </line>
            <line>
              <![CDATA[|47 |Summoners War Tournaments                                               |https://www.game.tv/find-tournaments/summoners-war-tournaments                                                                                         |200         |56              |]]>
            </line>
            <line>
              <![CDATA[|48 |決戰！平安京 (Onmyoji Arena) Tournaments                                      |https://www.game.tv/find-tournaments/jue-zhan-ping-an-jing-onmyoji-arena-tournaments                                                                   |200         |46              |]]>
            </line>
            <line>
              <![CDATA[|49 |Lords Mobile: Battle of the Empires - Strategy RPG Tournaments          |https://www.game.tv/find-tournaments/lords-mobile-battle-of-the-empires-strategy-rpg-tournaments                                                       |200         |44              |]]>
            </line>
            <line>
              <![CDATA[|50 |Battle of Arrows Tournaments                                            |https://www.game.tv/find-tournaments/-battle-of-arrows-tournaments                                                                                     |200         |44              |]]>
            </line>
            <line>
              <![CDATA[|51 |달빛조각사 (Moonlight Tournaments                                            |https://www.game.tv/find-tournaments/dalbicjogagsa-moonlight-tournaments                                                                               |200         |43              |]]>
            </line>
            <line>
              <![CDATA[|52 |Pixel Gun 3D: FPS Shooter & Battle Royale Tournaments                   |https://www.game.tv/find-tournaments/pixel-gun-3d-fps-shooter-battle-royale-tournaments                                                                |200         |39              |]]>
            </line>
            <line>
              <![CDATA[|53 |Onmyoji Chess Tournaments                                               |https://www.game.tv/find-tournaments/onmyoji-chess-tournaments                                                                                         |200         |36              |]]>
            </line>
            <line>
              <![CDATA[|54 |Dr. Mario World Tournaments                                             |https://www.game.tv/find-tournaments/dr-mario-world-tournaments                                                                                        |200         |27              |]]>
            </line>
            <line>
              <![CDATA[|55 |Dragalia Lost Tournaments                                               |https://www.game.tv/find-tournaments/dragalia-lost-tournaments                                                                                         |200         |30              |]]>
            </line>
            <line>
              <![CDATA[|56 |Tom Clancy's Rainbow Six Siege Tournaments                              |https://www.game.tv/find-tournaments/-tom-clancy's-rainbow-six-siege-tournaments                                                                       |200         |43              |]]>
            </line>
            <line>
              <![CDATA[|57 |Overwatch Tournaments                                                   |https://www.game.tv/find-tournaments/overwatch-tournaments                                                                                             |200         |26              |]]>
            </line>
            <line>
              <![CDATA[|58 |Roblox Tournaments                                                      |https://www.game.tv/find-tournaments/-roblox-tournaments                                                                                               |200         |47              |]]>
            </line>
            <line>
              <![CDATA[|59 |Minecraft Tournaments                                                   |https://www.game.tv/find-tournaments/-minecraft-tournaments                                                                                            |200         |43              |]]>
            </line>
            <line>
              <![CDATA[|60 |에오스 레드 (Eos Red) Tournaments                                            |https://www.game.tv/find-tournaments/eoseu-redeu-eos-red-tournaments                                                                                   |200         |22              |]]>
            </line>
            <line>
              <![CDATA[|61 |Mini Militia Tournaments                                                |https://www.game.tv/find-tournaments/mini-militia-tournaments                                                                                          |200         |73              |]]>
            </line>
            <line>
              <![CDATA[|62 |Super Smash Bros. Ultimate Tournaments                                  |https://www.game.tv/find-tournaments/-super-smash-bros.-ultimate-tournaments                                                                           |200         |22              |]]>
            </line>
            <line>
              <![CDATA[|63 |TEPPEN Tournaments                                                      |https://www.game.tv/find-tournaments/teppen-tournaments                                                                                                |200         |19              |]]>
            </line>
            <line>
              <![CDATA[|64 |Paladins Tournaments                                                    |https://www.game.tv/find-tournaments/-paladins-tournaments                                                                                             |200         |28              |]]>
            </line>
            <line>
              <![CDATA[|65 |Pokémon sword and shield Tournaments                                    |https://www.game.tv/find-tournaments/-pok%C3%A9mon-sword-and-shield--tournaments                                                                       |200         |20              |]]>
            </line>
            <line>
              <![CDATA[|66 |Standoff 2 Tournaments                                                  |https://www.game.tv/find-tournaments/-standoff-2-tournaments                                                                                           |200         |23              |]]>
            </line>
            <line>
              <![CDATA[|67 |Critical Ops: Multiplayer FPS Tournaments                               |https://www.game.tv/find-tournaments/critical-ops-multiplayer-fps-tournaments                                                                          |200         |18              |]]>
            </line>
            <line>
              <![CDATA[|68 |Modern Warfare Tournaments                                              |https://www.game.tv/find-tournaments/-modern-warfare-tournaments                                                                                       |200         |17              |]]>
            </line>
            <line>
              <![CDATA[|69 |GTA 5 Tournaments                                                       |https://www.game.tv/find-tournaments/-gta-5--tournaments                                                                                               |200         |13              |]]>
            </line>
            <line>
              <![CDATA[|70 |Garena Speed Drifters Tournaments                                       |https://www.game.tv/find-tournaments/garena-speed-drifters-tournaments                                                                                 |200         |13              |]]>
            </line>
            <line>
              <![CDATA[|71 |轟啊坦克 (FortressGo) Tournaments                                           |https://www.game.tv/find-tournaments/hong-a-tan-ke-fortressgo-tournaments                                                                              |200         |12              |]]>
            </line>
            <line>
              <![CDATA[|72 |Destiny 2 Tournaments                                                   |https://www.game.tv/find-tournaments/-destiny-2-tournaments                                                                                            |200         |18              |]]>
            </line>
            <line>
              <![CDATA[|73 |Baram Tournaments                                                       |https://www.game.tv/find-tournaments/baram-tournaments                                                                                                 |200         |28              |]]>
            </line>
            <line>
              <![CDATA[|74 |Fleet Battle Tournaments                                                |https://www.game.tv/find-tournaments/-fleet-battle-tournaments                                                                                         |200         |15              |]]>
            </line>
            <line>
              <![CDATA[|75 |Brawlhalla Tournaments                                                  |https://www.game.tv/find-tournaments/-brawlhalla-tournaments                                                                                           |200         |16              |]]>
            </line>
            <line>
              <![CDATA[|76 |Tekken 7 Tournaments                                                    |https://www.game.tv/find-tournaments/-tekken-7-tournaments                                                                                             |200         |14              |]]>
            </line>
            <line>
              <![CDATA[|77 |Vainglory Tournaments                                                   |https://www.game.tv/find-tournaments/-vainglory-tournaments                                                                                            |200         |10              |]]>
            </line>
            <line>
              <![CDATA[|78 |Audition Mobile TH Tournaments                                          |https://www.game.tv/find-tournaments/audition-mobile-th-tournaments                                                                                    |200         |10              |]]>
            </line>
            <line>
              <![CDATA[|79 |LINE Let's Get Rich Tournaments                                         |https://www.game.tv/find-tournaments/line-let-s-get-rich-tournaments                                                                                   |200         |10              |]]>
            </line>
            <line>
              <![CDATA[|80 |Golf Blitz Tournaments                                                  |https://www.game.tv/find-tournaments/-golf-blitz-tournaments                                                                                           |200         |9               |]]>
            </line>
            <line>
              <![CDATA[|81 |Pokemon Showdown Tournaments                                            |https://www.game.tv/find-tournaments/-pokemon-showdown-tournaments                                                                                     |200         |10              |]]>
            </line>
            <line>
              <![CDATA[|82 |ドラゴンクエストライバルズ (Dragon Quest Rivals) Tournaments                         |https://www.game.tv/find-tournaments/doragonkuesutoraibaruzu-dragon-quest-rivals-tournaments                                                           |200         |8               |]]>
            </line>
            <line>
              <![CDATA[|83 |Dota 2 Tournaments                                                      |https://www.game.tv/find-tournaments/dota-2-tournaments                                                                                                |200         |11              |]]>
            </line>
            <line>
              <![CDATA[|84 |Frag Pro Shooter Tournaments                                            |https://www.game.tv/find-tournaments/-frag-pro-shooter-tournaments                                                                                     |200         |10              |]]>
            </line>
            <line>
              <![CDATA[|85 |Dead by Daylight Tournaments                                            |https://www.game.tv/find-tournaments/-dead-by-daylight-tournaments                                                                                     |200         |6               |]]>
            </line>
            <line>
              <![CDATA[|86 |Compass Tournaments                                                     |https://www.game.tv/find-tournaments/-%E3%82%B3%E3%83%B3%E3%83%91%E3%82%B9-%E6%88%A6%E9%97%98%E6%91%82%E7%90%86%E8%A7%A3%E6%9E%90%E3%82%B7%E3%82%B9%E3%83%86%E3%83%A0-tournaments |200         |                |]]>
            </line>
            <line>
              <![CDATA[|87 |Jurassic World Alive Tournaments                                        |https://www.game.tv/find-tournaments/jurassic-world-alive-tournaments                                                                                  |200         |5               |]]>
            </line>
            <line>
              <![CDATA[|88 |SMITE Tournaments                                                       |https://www.game.tv/find-tournaments/smite-tournaments                                                                                                 |200         |10              |]]>
            </line>
            <line>
              <![CDATA[|89 |Identity V Tournaments                                                  |https://www.game.tv/find-tournaments/identity-v-tournaments                                                                                            |200         |4               |]]>
            </line>
            <line>
              <![CDATA[|90 |BLACK DESERT MOBILE Tournaments                                         |https://www.game.tv/find-tournaments/-black-desert-mobile-tournaments                                                                                  |200         |6               |]]>
            </line>
            <line>
              <![CDATA[|91 |Real Cricket™ 19 Tournaments                                            |https://www.game.tv/find-tournaments/-real-cricket%E2%84%A2-19-tournaments                                                                             |200         |3               |]]>
            </line>
            <line>
              <![CDATA[|92 |World of Tanks Blitz MMO Tournaments                                    |https://www.game.tv/find-tournaments/-world-of-tanks-blitz-mmo-tournaments                                                                             |200         |3               |]]>
            </line>
            <line>
              <![CDATA[|93 |Survival Heroes - MOBA Battle Royale Tournaments                        |https://www.game.tv/find-tournaments/survival-heroes-moba-battle-royale-tournaments                                                                    |200         |3               |]]>
            </line>
            <line>
              <![CDATA[|94 |MORDHAU Tournaments                                                     |https://www.game.tv/find-tournaments/-mordhau-tournaments                                                                                              |200         |2               |]]>
            </line>
            <line>
              <![CDATA[|95 |Durango Tournaments                                                     |https://www.game.tv/find-tournaments/durango-tournaments                                                                                               |200         |2               |]]>
            </line>
            <line>
              <![CDATA[|96 |Extrordinary Ones: 5V5 MOBA Tournaments                                 |https://www.game.tv/find-tournaments/extrordinary-ones-5v5-moba-tournaments                                                                            |200         |2               |]]>
            </line>
            <line>
              <![CDATA[|97 |Among Us Tournaments                                                    |https://www.game.tv/find-tournaments/-among-us-tournaments                                                                                             |200         |2               |]]>
            </line>
            <line>
              <![CDATA[|98 |StarCraft 2 Tournaments                                                 |https://www.game.tv/find-tournaments/-starcraft-2-tournaments                                                                                          |200         |2               |]]>
            </line>
            <line>
              <![CDATA[|99 |Temtem Tournaments                                                      |https://www.game.tv/find-tournaments/-temtem-tournaments                                                                                               |200         |8               |]]>
            </line>
            <line>
              <![CDATA[|100|Darwin Project Tournaments                                              |https://www.game.tv/find-tournaments/-darwin-project-tournaments                                                                                       |200         |1               |]]>
            </line>
          </reporter-output>
        </test-method> <!-- TC003_LaunchGameAndPrintDetailsOfGame -->
      </class> <!-- TestCases.GetDeatilsOFApps -->
    </test> <!-- Default test -->
  </suite> <!-- Default suite -->
</testng-results>
